<?xml version="1.0" encoding="UTF-8"?>
<!-- Generated by org.testng.reporters.JUnitXMLReporter -->
<testsuite ignored="0" hostname="DESKTOP-DSCC08C" failures="0" tests="2" name="Command line test" time="22.089" errors="0" timestamp="06 Oct 2023 20:54:15 GMT">
  <testcase classname="crm.com.logtest.CrmLoginLogsTest" name="freeCrmTitleLogsTest" time="3.019"/>
  <testcase classname="crm.com.logtest.CrmLoginLogsTest" name="freemCRMLogoLogsTest" time="3.066"/>
</testsuite> <!-- Command line test -->
